<?xml version="1.0" encoding="UTF-8"?>
<testng-results ignored="0" total="1" passed="1" failed="0" skipped="0">
  <reporter-output>
  </reporter-output>
  <suite started-at="2024-02-14T15:58:42 IST" name="Default suite" finished-at="2024-02-14T15:58:42 IST" duration-ms="123">
    <groups>
    </groups>
    <test started-at="2024-02-14T15:58:42 IST" name="Default test" finished-at="2024-02-14T15:58:42 IST" duration-ms="123">
      <class name="com.DataDrivenTesting.DDT.ReadDataFromCMDTest">
        <test-method signature="readDataFromCMDTest()[pri:0, instance:com.DataDrivenTesting.DDT.ReadDataFromCMDTest@3c19aaa5]" started-at="2024-02-14T15:58:42 IST" name="readDataFromCMDTest" finished-at="2024-02-14T15:58:42 IST" duration-ms="21" status="PASS">
          <reporter-output>
          </reporter-output>
        </test-method> <!-- readDataFromCMDTest -->
      </class> <!-- com.DataDrivenTesting.DDT.ReadDataFromCMDTest -->
    </test> <!-- Default test -->
  </suite> <!-- Default suite -->
</testng-results>
